<?xml version="1.0" encoding="UTF-8" ?>
<testsuites disabled="0" errors="0" failures="1" tests="6" time="13.201">
 <testsuite name="demo calculator " timestamp="2021-07-11T10:29:46" hostname="localhost" time="13.201" errors="0" tests="6" skipped="0" disabled="0" failures="1">
  <testcase classname="demo calculator " name="addition tests" time="2.507" />
  <testcase classname="demo calculator " name="subtractio" time="2.61" />
  <testcase classname="demo calculator " name="division" time="2.495" />
  <testcase classname="demo calculator " name="Multiplication" time="2.486" />
  <testcase classname="demo calculator " name="Moduleus% reminder" time="2.507">
   <failure type="toEqual" message="Expected &apos;1&apos; to equal &apos;2&apos;."><![CDATA[Error: Failed expectation
    at UserContext.<anonymous> (C:\Users\BALAJI\Desktop\Projects\ProtractorDemo\tests\calculator.js:55:35)
    at C:\Users\BALAJI\AppData\Roaming\npm\node_modules\protractor\node_modules\jasminewd2\index.js:112:25
    at new ManagedPromise (C:\Users\BALAJI\AppData\Roaming\npm\node_modules\protractor\node_modules\selenium-webdriver\lib\promise.js:1077:7)
    at ControlFlow.promise (C:\Users\BALAJI\AppData\Roaming\npm\node_modules\protractor\node_modules\selenium-webdriver\lib\promise.js:2505:12)
    at schedulerExecute (C:\Users\BALAJI\AppData\Roaming\npm\node_modules\protractor\node_modules\jasminewd2\index.js:95:18)
    at TaskQueue.execute_ (C:\Users\BALAJI\AppData\Roaming\npm\node_modules\protractor\node_modules\selenium-webdriver\lib\promise.js:3084:14)
    at TaskQueue.executeNext_ (C:\Users\BALAJI\AppData\Roaming\npm\node_modules\protractor\node_modules\selenium-webdriver\lib\promise.js:3067:27)
    at C:\Users\BALAJI\AppData\Roaming\npm\node_modules\protractor\node_modules\selenium-webdriver\lib\promise.js:2927:27
    at C:\Users\BALAJI\AppData\Roaming\npm\node_modules\protractor\node_modules\selenium-webdriver\lib\promise.js:668:7]]>
   </failure>
  </testcase>
  <testcase classname="demo calculator " name="finaladdition" time="0.593" />
 </testsuite>
</testsuites>